input_shape [ 128  192  256  320  384  448  512  576  640  704  768  832  896  960
 1024]
input_size [  1024   2048   4096   8192  16384  32768  65536 131072 262144 524288]
vgg_layers [ 2  3  4  5  6  7  8  9 10]
vgg_layers_size [1 2 3 4 5 6 7]
filters [  16   32   64  128  256  512 1024]
hidden_layers_size [ 1  2  3  4  5  6  7  8  9 10]
hidden_layers [ 100  316 1000 3162]
output_shape [   2    4    8   16   32   64  128  256  512 1024]
batch_size [   8   16   32   64  128  256  512 1024]
Running input_shape : 128
[0.3916321119759232, 0.39553387300111353, 0.3950996819185093, 0.38934413401875645, 0.3949540989706293]
Running input_shape : 192
[0.6099827110301703, 0.606804950046353, 0.6062071389751509, 0.6065830120351166, 0.6069266609847546]
Running input_shape : 256
[1.0368596889311448, 1.0345028389710933, 1.0324806940043345, 1.033559113042429, 1.0405177630018443]
Running input_shape : 320
[1.5546555001055822, 1.551045150961727, 1.555262957001105, 1.5571821039775386, 1.5457048660609871]
Running input_shape : 384
[2.1733344619860873, 2.1713483199710026, 2.162825181032531, 2.1684381559025496, 2.176667663967237]
Running input_shape : 448
[2.9236437019426376, 2.9092045120196417, 2.9215058309491724, 2.92243217502255, 2.9139350689947605]
Running input_shape : 512
[3.801165034994483, 3.7916545699117705, 3.7915887139970437, 3.7781323199160397, 3.784044793108478]
Running input_shape : 576
[4.772432354977354, 4.774310717009939, 4.763080995995551, 4.792407160974108, 4.772167114075273]
Running input_shape : 640
[5.898951287032105, 5.913671755930409, 5.916211341973394, 5.910828836960718, 5.9010285049444064]
Running input_shape : 704
[7.111882459023036, 7.1056645980570465, 7.118721417966299, 7.116930615040474, 7.12076275004074]
Running input_shape : 768
[8.45785754895769, 8.469261105987243, 8.45698539109435, 8.449191735009663, 8.44784526899457]
Running input_shape : 832
[9.907184638082981, 9.909574849996716, 9.907389438012615, 9.912189465016127, 9.904626862960868]
Running input_shape : 896
[11.494347442989238, 11.494816389982589, 11.484254778013565, 11.482440114952624, 11.485236995969899]
Running input_shape : 960
[13.16625775094144, 13.168392356019467, 13.147414081031457, 13.154910744982772, 13.148064104025252]
Running input_shape : 1024
[14.984638186986558, 14.985857662046328, 14.99056866101455, 14.98922305891756, 14.984184048953466]
Running input_size : 1024
[0.3922773930244148, 0.39414492901414633, 0.38521111803129315, 0.39043608494102955, 0.39136892405804247]
Running input_size : 2048
[0.7814267099602148, 0.7837965289363638, 0.7748138019815087, 0.7899626380531117, 0.7781092199729756]
Running input_size : 4096
[1.575435034930706, 1.5745230820029974, 1.5626463610678911, 1.5684098469791934, 1.5626189890317619]
Running input_size : 8192
[3.1093347349669784, 3.099714284995571, 3.0970978449331596, 3.1068786079995334, 3.1088348189368844]
Running input_size : 16384
[6.189836902078241, 6.214619827107526, 6.224171997047961, 6.254353062948212, 6.229480799054727]
Running input_size : 32768
[12.430254274979234, 12.384448371944018, 12.439580292906612, 12.484368802048266, 12.523081948980689]
Running input_size : 65536
[24.85414268099703, 24.71044782397803, 24.705854972009547, 24.730640089022927, 24.728488415014]
Running input_size : 131072
[49.67839643196203, 49.72777190397028, 49.63034398597665, 49.43284091807436, 49.46561437798664]
Running input_size : 262144
[98.72563944000285, 98.54599922092166, 98.66072194604203, 98.57976264704484, 98.26191453495994]
Running input_size : 524288
[197.91061098396312, 197.70063884404954, 197.59632000199053, 197.64899670495652, 197.42328272899613]
Running vgg_layers : 2
[0.38492845895234495, 0.3875200269976631, 0.3858956560725346, 0.39454050501808524, 0.3926227589836344]
Running vgg_layers : 3
[0.4502122480189428, 0.4543119550216943, 0.45273395197000355, 0.44985528907272965, 0.4539060730021447]
Running vgg_layers : 4
[0.5069485669955611, 0.5170340839540586, 0.5072154650697485, 0.5107771779876202, 0.504410382010974]
Running vgg_layers : 5
[0.5792681740131229, 0.5805478719994426, 0.5764018499758095, 0.5892001420725137, 0.5787002838915214]
Running vgg_layers : 6
[0.6640483610099182, 0.6648451830260456, 0.6661096960306168, 0.6612827919889241, 0.664282203069888]
Running vgg_layers : 7
[0.7540496810106561, 0.7590537649812177, 0.7546717930817977, 0.7537493739509955, 0.7552447100169957]
Running vgg_layers : 8
[0.8332415940240026, 0.8338308350648731, 0.8326480630785227, 0.8337797959102318, 0.8364122979110107]
Running vgg_layers : 9
[0.9207011969992891, 0.9186904990347102, 0.9258247560355812, 0.9180224359733984, 0.9206652221037075]
Running vgg_layers : 10
[1.0071020510513335, 1.0051843189867213, 1.0033552459208295, 1.0072853430174291, 1.0032893089810386]
Running vgg_layers_size : 1
[0.382522439933382, 0.38671692402567714, 0.3933073580265045, 0.3872422339627519, 0.3887127269990742]
Running vgg_layers_size : 2
[0.4829682180425152, 0.4873572300421074, 0.48320168699137866, 0.4878992950543761, 0.48713895701803267]
Running vgg_layers_size : 3
[0.5804071769816801, 0.5810052829328924, 0.579662578064017, 0.579066022997722, 0.5893621079158038]
Running vgg_layers_size : 4
[0.6842456420417875, 0.6953134719515219, 0.6900263780262321, 0.6938009039731696, 0.6872510260436684]
Running vgg_layers_size : 5
[0.7967755439458415, 0.7907408480532467, 0.8117449090350419, 0.7897893110057339, 0.7944793399656191]
Running vgg_layers_size : 6
[0.8950713379308581, 0.9029691570904106, 0.8976842619013041, 0.9062634420115501, 0.9048001479823142]
Running vgg_layers_size : 7
[1.1406690019648522, 1.142262103036046, 1.1394227939890698, 1.1422182079404593, 1.13903337798547]
Running filters : 16
[0.38441420707385987, 0.3904711449285969, 0.3929750530514866, 0.3896638529840857, 0.3896210939856246]
Running filters : 32
[0.4255076419794932, 0.43068386300001293, 0.4261025250889361, 0.4256874719867483, 0.4259923070203513]
Running filters : 64
[0.5769599309423938, 0.5754670589230955, 0.5844200300052762, 0.575134259997867, 0.5783177589764819]
Running filters : 128
[0.9335246910341084, 0.9326337849488482, 0.9348489289404824, 0.9358747829683125, 0.928116352064535]
Running filters : 256
[1.9861264419741929, 1.9821347079705447, 1.9862483469769359, 1.983370080939494, 1.9824099260149524]
Running filters : 512
[6.010078609921038, 6.009358311071992, 6.008910635020584, 6.005632618907839, 6.003553751041181]
Running filters : 1024
[18.83678026602138, 18.836355369887315, 18.83206589706242, 18.832360972999595, 18.834389891009778]
Running hidden_layers_size : 1
[0.38453748903702945, 0.3933996610576287, 0.38661060901358724, 0.3900443760212511, 0.38638500799424946]
Running hidden_layers_size : 2
[0.39945351402275264, 0.39808229298796505, 0.39840015093795955, 0.3968713800422847, 0.3949416510295123]
Running hidden_layers_size : 3
[0.4028190260287374, 0.4119714900152758, 0.4030125440331176, 0.4077328350394964, 0.4028574349358678]
Running hidden_layers_size : 4
[0.41025867499411106, 0.4062194030266255, 0.41609887103550136, 0.41260740195866674, 0.4245860209921375]
Running hidden_layers_size : 5
[0.4163458690745756, 0.4156431229785085, 0.42400316696148366, 0.4162690700031817, 0.42091407196130604]
Running hidden_layers_size : 6
[0.432089927024208, 0.4241452149581164, 0.42326405399944633, 0.421414780896157, 0.422695609042421]
Running hidden_layers_size : 7
[0.433098845067434, 0.4288976030657068, 0.4272268620552495, 0.43529147596564144, 0.43102695897687227]
Running hidden_layers_size : 8
[0.4509784609545022, 0.4404149219626561, 0.44487839296925813, 0.44947104691527784, 0.44283438695129007]
Running hidden_layers_size : 9
[0.4553110640263185, 0.45086702296976, 0.4561580040026456, 0.4540424939477816, 0.45817477395758033]
Running hidden_layers_size : 10
[0.4575540239457041, 0.4573413949692622, 0.45687007007654756, 0.4660087189404294, 0.4613401700044051]
Running hidden_layers : 100
[0.3914778330363333, 0.381872791913338, 0.3846533120376989, 0.3938556689536199, 0.38801838108338416]
Running hidden_layers : 316
[0.39091186702717096, 0.3875640259357169, 0.39281531202141196, 0.3926239541033283, 0.4004629459232092]
Running hidden_layers : 1000
[0.5217745110858232, 0.523155156057328, 0.521723055979237, 0.5235204490600154, 0.5232690549455583]WARNING:tensorflow:From /opt/conda/lib/python3.7/site-packages/tensorflow/python/ops/nn_ops.py:5063: tensor_shape_from_node_def_name (from tensorflow.python.framework.graph_util_impl) is deprecated and will be removed in a future version.
Instructions for updating:
Use `tf.compat.v1.graph_util.tensor_shape_from_node_def_name`
